<?xml version="1.0" encoding="UTF-8"?>
<!-- Generated by org.testng.reporters.JUnitReportReporter -->
<testsuite skipped="0" hostname="CDAC" name="TestCasePackage.TestClass" tests="13" failures="0" timestamp="2020-09-21T10:35:52 IST" time="724.248" errors="0">
  <testcase name="checkElementVisibleOnMouseHover" time="182.735" classname="TestCasePackage.TestClass"/>
  <system-out/>
  <testcase name="selectRadioButton" time="23.562" classname="TestCasePackage.TestClass"/>
  <system-out/>
  <testcase name="switchToalertAccept" time="44.733" classname="TestCasePackage.TestClass"/>
  <system-out/>
  <testcase name="searchInIFrame" time="92.629" classname="TestCasePackage.TestClass"/>
  <system-out/>
  <testcase name="varifySwitchWindowFunctionality" time="27.000" classname="TestCasePackage.TestClass"/>
  <system-out/>
  <testcase name="navigatetionOfPracticePage" time="25.015" classname="TestCasePackage.TestClass"/>
  <system-out/>
  <testcase name="verifyNewTabOpened" time="43.522" classname="TestCasePackage.TestClass"/>
  <system-out/>
  <testcase name="selectMultipleValueFromDropDown" time="27.045" classname="TestCasePackage.TestClass"/>
  <system-out/>
  <testcase name="checkFieldDisplayed" time="87.191" classname="TestCasePackage.TestClass"/>
  <system-out/>
  <testcase name="selectValueFromCheckBox" time="22.618" classname="TestCasePackage.TestClass"/>
  <system-out/>
  <testcase name="selectFromWebTable" time="91.363" classname="TestCasePackage.TestClass"/>
  <system-out/>
  <testcase name="checkFieldIsHidden" time="31.331" classname="TestCasePackage.TestClass"/>
  <system-out/>
  <testcase name="switchToalertDismiss" time="25.504" classname="TestCasePackage.TestClass"/>
  <system-out/>
</testsuite> <!-- TestCasePackage.TestClass -->
